  lab12.cpp
c:\users\kostya\desktop\lab\lab12\lab12\lab12\lab12.cpp(17): warning C4244: инициализация: преобразование "int" в "float", возможна потеря данных
c:\users\kostya\desktop\lab\lab12\lab12\lab12\lab12.cpp(89): warning C4326: возвращаемый тип "main" должен быть "int", а не "void"
c:\program files (x86)\microsoft visual studio\2017\community\vc\tools\msvc\14.16.27023\include\utility(240): warning C4244: инициализация: преобразование "_Ty" в "_Ty2", возможна потеря данных
          with
          [
              _Ty=float
          ]
          and
          [
              _Ty2=int
          ]
  c:\program files (x86)\microsoft visual studio\2017\community\vc\tools\msvc\14.16.27023\include\xmemory0(879): note: выполняется компиляция ссылки на экземпляр шаблон функции "std::pair<const _Kty,_Ty>::pair<int,float,0>(std::pair<int,float> &&) noexcept"
          with
          [
              _Kty=int,
              _Ty=int
          ]
  c:\program files (x86)\microsoft visual studio\2017\community\vc\tools\msvc\14.16.27023\include\xmemory0(881): note: выполняется компиляция ссылки на экземпляр шаблон функции "std::pair<const _Kty,_Ty>::pair<int,float,0>(std::pair<int,float> &&) noexcept"
          with
          [
              _Kty=int,
              _Ty=int
          ]
  c:\program files (x86)\microsoft visual studio\2017\community\vc\tools\msvc\14.16.27023\include\xtree(976): note: выполняется компиляция ссылки на экземпляр шаблон функции "void std::_Default_allocator_traits<_Alloc>::construct<_Ty,std::pair<int,float>>(_Alloc &,_Objty *const ,std::pair<int,float> &&)"
          with
          [
              _Alloc=std::allocator<std::_Tree_node<std::pair<const int,int>,std::_Default_allocator_traits<std::allocator<std::pair<const int,int>>>::void_pointer>>,
              _Ty=std::pair<const int,int>,
              _Objty=std::pair<const int,int>
          ]
  c:\program files (x86)\microsoft visual studio\2017\community\vc\tools\msvc\14.16.27023\include\xtree(983): note: выполняется компиляция ссылки на экземпляр шаблон функции "void std::_Default_allocator_traits<_Alloc>::construct<_Ty,std::pair<int,float>>(_Alloc &,_Objty *const ,std::pair<int,float> &&)"
          with
          [
              _Alloc=std::allocator<std::_Tree_node<std::pair<const int,int>,std::_Default_allocator_traits<std::allocator<std::pair<const int,int>>>::void_pointer>>,
              _Ty=std::pair<const int,int>,
              _Objty=std::pair<const int,int>
          ]
  c:\program files (x86)\microsoft visual studio\2017\community\vc\tools\msvc\14.16.27023\include\xtree(1154): note: выполняется компиляция ссылки на экземпляр шаблон функции "std::_Tree_node<_Ty,std::_Default_allocator_traits<_Alloc>::void_pointer> *std::_Tree_comp_alloc<_Traits>::_Buynode<std::pair<int,float>>(std::pair<int,float> &&)"
          with
          [
              _Ty=std::pair<const int,int>,
              _Alloc=std::allocator<std::pair<const int,int>>,
              _Traits=std::_Tmap_traits<int,int,std::less<int>,std::allocator<std::pair<const int,int>>,false>
          ]
  c:\program files (x86)\microsoft visual studio\2017\community\vc\tools\msvc\14.16.27023\include\xtree(1155): note: выполняется компиляция ссылки на экземпляр шаблон функции "std::_Tree_node<_Ty,std::_Default_allocator_traits<_Alloc>::void_pointer> *std::_Tree_comp_alloc<_Traits>::_Buynode<std::pair<int,float>>(std::pair<int,float> &&)"
          with
          [
              _Ty=std::pair<const int,int>,
              _Alloc=std::allocator<std::pair<const int,int>>,
              _Traits=std::_Tmap_traits<int,int,std::less<int>,std::allocator<std::pair<const int,int>>,false>
          ]
  c:\program files (x86)\microsoft visual studio\2017\community\vc\tools\msvc\14.16.27023\include\map(213): note: выполняется компиляция ссылки на экземпляр шаблон функции "std::pair<std::_Tree_iterator<std::_Tree_val<std::_Tree_simple_types<_Ty>>>,bool> std::_Tree<std::_Tmap_traits<_Kty,int,_Pr,_Alloc,false>>::emplace<std::pair<int,float>>(std::pair<int,float> &&)"
          with
          [
              _Ty=std::pair<const int,int>,
              _Kty=int,
              _Pr=std::less<int>,
              _Alloc=std::allocator<std::pair<const int,int>>
          ]
  c:\program files (x86)\microsoft visual studio\2017\community\vc\tools\msvc\14.16.27023\include\map(213): note: выполняется компиляция ссылки на экземпляр шаблон функции "std::pair<std::_Tree_iterator<std::_Tree_val<std::_Tree_simple_types<_Ty>>>,bool> std::_Tree<std::_Tmap_traits<_Kty,int,_Pr,_Alloc,false>>::emplace<std::pair<int,float>>(std::pair<int,float> &&)"
          with
          [
              _Ty=std::pair<const int,int>,
              _Kty=int,
              _Pr=std::less<int>,
              _Alloc=std::allocator<std::pair<const int,int>>
          ]
  c:\users\kostya\desktop\lab\lab12\lab12\lab12\lab12.cpp(19): note: выполняется компиляция ссылки на экземпляр шаблон функции "std::pair<std::_Tree_iterator<std::_Tree_val<std::_Tree_simple_types<_Ty>>>,bool> std::map<int,int,std::less<int>,std::allocator<_Ty>>::insert<std::pair<int,float>,void>(_Valty &&)"
          with
          [
              _Ty=std::pair<const int,int>,
              _Valty=std::pair<int,float>
          ]
  c:\users\kostya\desktop\lab\lab12\lab12\lab12\lab12.cpp(19): note: выполняется компиляция ссылки на экземпляр шаблон функции "std::pair<std::_Tree_iterator<std::_Tree_val<std::_Tree_simple_types<_Ty>>>,bool> std::map<int,int,std::less<int>,std::allocator<_Ty>>::insert<std::pair<int,float>,void>(_Valty &&)"
          with
          [
              _Ty=std::pair<const int,int>,
              _Valty=std::pair<int,float>
          ]
  lab12.vcxproj -> C:\Users\Kostya\Desktop\lab\lab12\lab12\Debug\lab12.exe
